2003.12.04 18:13 B C:\Working Files\Poppa\Site\images\brown_1x1.gif --> www.motionplan.com /var/www/html/images brown_1x1.gif
2003.12.04 18:13 B C:\Working Files\Poppa\Site\images\btn_ata_nrm.jpg --> www.motionplan.com /var/www/html/images btn_ata_nrm.jpg
2003.12.04 18:13 B C:\Working Files\Poppa\Site\images\btn_ata_ovr.jpg --> www.motionplan.com /var/www/html/images btn_ata_ovr.jpg
2003.12.04 18:13 B C:\Working Files\Poppa\Site\images\btn_ata_sel.jpg --> www.motionplan.com /var/www/html/images btn_ata_sel.jpg
2003.12.04 18:13 B C:\Working Files\Poppa\Site\images\btn_ctct_nrm.jpg --> www.motionplan.com /var/www/html/images btn_ctct_nrm.jpg
2003.12.04 18:13 B C:\Working Files\Poppa\Site\images\btn_ctct_ovr.jpg --> www.motionplan.com /var/www/html/images btn_ctct_ovr.jpg
2003.12.04 18:13 B C:\Working Files\Poppa\Site\images\btn_ctct_sel.jpg --> www.motionplan.com /var/www/html/images btn_ctct_sel.jpg
2003.12.04 18:13 B C:\Working Files\Poppa\Site\images\btn_fam_nrm.jpg --> www.motionplan.com /var/www/html/images btn_fam_nrm.jpg
2003.12.04 18:13 B C:\Working Files\Poppa\Site\images\btn_fam_ovr.jpg --> www.motionplan.com /var/www/html/images btn_fam_ovr.jpg
2003.12.04 18:13 B C:\Working Files\Poppa\Site\images\btn_fam_sel.jpg --> www.motionplan.com /var/www/html/images btn_fam_sel.jpg
2003.12.04 18:13 B C:\Working Files\Poppa\Site\images\btn_home_nrm.jpg --> www.motionplan.com /var/www/html/images btn_home_nrm.jpg
2003.12.04 18:13 B C:\Working Files\Poppa\Site\images\btn_home_ovr.jpg --> www.motionplan.com /var/www/html/images btn_home_ovr.jpg
2003.12.04 18:13 B C:\Working Files\Poppa\Site\images\btn_home_sel.jpg --> www.motionplan.com /var/www/html/images btn_home_sel.jpg
2003.12.04 18:13 B C:\Working Files\Poppa\Site\images\btn_port_nrm.jpg --> www.motionplan.com /var/www/html/images btn_port_nrm.jpg
2003.12.04 18:13 B C:\Working Files\Poppa\Site\images\btn_port_ovr.jpg --> www.motionplan.com /var/www/html/images btn_port_ovr.jpg
2003.12.04 18:13 B C:\Working Files\Poppa\Site\images\btn_port_sel.jpg --> www.motionplan.com /var/www/html/images btn_port_sel.jpg
2003.12.04 18:13 B C:\Working Files\Poppa\Site\images\center.jpg --> www.motionplan.com /var/www/html/images center.jpg
2003.12.04 18:13 B C:\Working Files\Poppa\Site\images\getacro.gif --> www.motionplan.com /var/www/html/images getacro.gif
2003.12.04 18:13 B C:\Working Files\Poppa\Site\images\getflash.gif --> www.motionplan.com /var/www/html/images getflash.gif
2003.12.04 18:13 B C:\Working Files\Poppa\Site\images\headerline.jpg --> www.motionplan.com /var/www/html/images headerline.jpg
2003.12.04 18:13 B C:\Working Files\Poppa\Site\images\img_home.jpg --> www.motionplan.com /var/www/html/images img_home.jpg
2003.12.04 18:14 B C:\Working Files\Poppa\Site\images\img_placehold.jpg --> www.motionplan.com /var/www/html/images img_placehold.jpg
2003.12.04 18:14 B C:\Working Files\Poppa\Site\images\line_under_btns.jpg --> www.motionplan.com /var/www/html/images line_under_btns.jpg
2003.12.04 18:14 B C:\Working Files\Poppa\Site\images\logo.jpg --> www.motionplan.com /var/www/html/images logo.jpg
2003.12.04 18:14 B C:\Working Files\Poppa\Site\images\port_print_heartposter.jpg --> www.motionplan.com /var/www/html/images port_print_heartposter.jpg
2003.12.04 18:14 B C:\Working Files\Poppa\Site\images\port_print_islandposter.jpg --> www.motionplan.com /var/www/html/images port_print_islandposter.jpg
2003.12.04 18:14 B C:\Working Files\Poppa\Site\images\port_print_motionplan.gif --> www.motionplan.com /var/www/html/images port_print_motionplan.gif
2003.12.04 18:14 B C:\Working Files\Poppa\Site\images\port_print_sweettracker.jpg --> www.motionplan.com /var/www/html/images port_print_sweettracker.jpg
2003.12.04 18:14 B C:\Working Files\Poppa\Site\images\port_print_th_heartposter.jpg --> www.motionplan.com /var/www/html/images port_print_th_heartposter.jpg
2003.12.04 18:14 B C:\Working Files\Poppa\Site\images\port_print_th_islandposter.jpg --> www.motionplan.com /var/www/html/images port_print_th_islandposter.jpg
2003.12.04 18:14 B C:\Working Files\Poppa\Site\images\port_print_th_motionplan.jpg --> www.motionplan.com /var/www/html/images port_print_th_motionplan.jpg
2003.12.04 18:14 B C:\Working Files\Poppa\Site\images\port_print_th_sweettracker.jpg --> www.motionplan.com /var/www/html/images port_print_th_sweettracker.jpg
2003.12.04 18:14 B C:\Working Files\Poppa\Site\images\shapes.jpg --> www.motionplan.com /var/www/html/images shapes.jpg
2003.12.04 18:14 B C:\Working Files\Poppa\Site\images\thumb_placehold.jpg --> www.motionplan.com /var/www/html/images thumb_placehold.jpg
2003.12.05 20:20 B C:\Documents and Settings\PoppaFamily\My Documents\Joe\Poppa_site_res\Site\images\getacro.gif --> www.motionplan.com /var/www/html/images getacro.gif
2003.12.05 20:20 B C:\Documents and Settings\PoppaFamily\My Documents\Joe\Poppa_site_res\Site\images\getflash.gif --> www.motionplan.com /var/www/html/images getflash.gif
2003.12.05 20:20 B C:\Documents and Settings\PoppaFamily\My Documents\Joe\Poppa_site_res\Site\images\img_home.jpg --> www.motionplan.com /var/www/html/images img_home.jpg
2003.12.05 20:20 B C:\Documents and Settings\PoppaFamily\My Documents\Joe\Poppa_site_res\Site\images\port_gui_campbells.jpg --> www.motionplan.com /var/www/html/images port_gui_campbells.jpg
2003.12.05 20:20 B C:\Documents and Settings\PoppaFamily\My Documents\Joe\Poppa_site_res\Site\images\port_gui_push.jpg --> www.motionplan.com /var/www/html/images port_gui_push.jpg
2003.12.05 20:20 B C:\Documents and Settings\PoppaFamily\My Documents\Joe\Poppa_site_res\Site\images\port_gui_pushchat.jpg --> www.motionplan.com /var/www/html/images port_gui_pushchat.jpg
2003.12.05 20:20 B C:\Documents and Settings\PoppaFamily\My Documents\Joe\Poppa_site_res\Site\images\port_gui_qwest.jpg --> www.motionplan.com /var/www/html/images port_gui_qwest.jpg
2003.12.05 20:20 B C:\Documents and Settings\PoppaFamily\My Documents\Joe\Poppa_site_res\Site\images\port_gui_sun.jpg --> www.motionplan.com /var/www/html/images port_gui_sun.jpg
2003.12.05 20:20 B C:\Documents and Settings\PoppaFamily\My Documents\Joe\Poppa_site_res\Site\images\port_gui_th_campbells.jpg --> www.motionplan.com /var/www/html/images port_gui_th_campbells.jpg
2003.12.05 20:20 B C:\Documents and Settings\PoppaFamily\My Documents\Joe\Poppa_site_res\Site\images\port_gui_th_push.jpg --> www.motionplan.com /var/www/html/images port_gui_th_push.jpg
2003.12.05 20:20 B C:\Documents and Settings\PoppaFamily\My Documents\Joe\Poppa_site_res\Site\images\port_gui_th_pushchat.jpg --> www.motionplan.com /var/www/html/images port_gui_th_pushchat.jpg
2003.12.05 20:20 B C:\Documents and Settings\PoppaFamily\My Documents\Joe\Poppa_site_res\Site\images\port_gui_th_qwest.jpg --> www.motionplan.com /var/www/html/images port_gui_th_qwest.jpg
2003.12.05 20:20 B C:\Documents and Settings\PoppaFamily\My Documents\Joe\Poppa_site_res\Site\images\port_gui_th_sun.jpg --> www.motionplan.com /var/www/html/images port_gui_th_sun.jpg
2003.12.05 20:20 B C:\Documents and Settings\PoppaFamily\My Documents\Joe\Poppa_site_res\Site\images\port_gui_th_zebra.jpg --> www.motionplan.com /var/www/html/images port_gui_th_zebra.jpg
2003.12.05 20:20 B C:\Documents and Settings\PoppaFamily\My Documents\Joe\Poppa_site_res\Site\images\port_gui_zebra.jpg --> www.motionplan.com /var/www/html/images port_gui_zebra.jpg
2003.12.05 20:20 B C:\Documents and Settings\PoppaFamily\My Documents\Joe\Poppa_site_res\Site\images\WS_FTP.LOG --> www.motionplan.com /var/www/html/images WS_FTP.LOG
2003.12.06 00:53 B C:\Documents and Settings\PoppaFamily\My Documents\Joe\Poppa_site_res\Site\images\port_ia_th_dayinlife.jpg --> www.motionplan.com /var/www/html/images port_ia_th_dayinlife.jpg
2003.12.06 00:53 B C:\Documents and Settings\PoppaFamily\My Documents\Joe\Poppa_site_res\Site\images\port_ia_th_skiing.jpg --> www.motionplan.com /var/www/html/images port_ia_th_skiing.jpg
2003.12.06 00:53 B C:\Documents and Settings\PoppaFamily\My Documents\Joe\Poppa_site_res\Site\images\port_ia_th_bowling.jpg --> www.motionplan.com /var/www/html/images port_ia_th_bowling.jpg
2003.12.07 19:51 B C:\Documents and Settings\PoppaFamily\My Documents\Joe\Poppa_site_res\Site\images\family_11mo_petdoggy.jpg --> www.motionplan.com /var/www/html/images family_11mo_petdoggy.jpg
2003.12.07 19:52 B C:\Documents and Settings\PoppaFamily\My Documents\Joe\Poppa_site_res\Site\images\family_11mo_treats.jpg --> www.motionplan.com /var/www/html/images family_11mo_treats.jpg
2003.12.07 19:52 B C:\Documents and Settings\PoppaFamily\My Documents\Joe\Poppa_site_res\Site\images\family_12mo_balance.jpg --> www.motionplan.com /var/www/html/images family_12mo_balance.jpg
2003.12.07 19:53 B C:\Documents and Settings\PoppaFamily\My Documents\Joe\Poppa_site_res\Site\images\family_12mo_birthday.jpg --> www.motionplan.com /var/www/html/images family_12mo_birthday.jpg
2003.12.07 19:53 B C:\Documents and Settings\PoppaFamily\My Documents\Joe\Poppa_site_res\Site\images\family_6mo_wherejulia.jpg --> www.motionplan.com /var/www/html/images family_6mo_wherejulia.jpg
2003.12.07 19:53 B C:\Documents and Settings\PoppaFamily\My Documents\Joe\Poppa_site_res\Site\images\family_7mo_nap.jpg --> www.motionplan.com /var/www/html/images family_7mo_nap.jpg
2003.12.07 19:53 B C:\Documents and Settings\PoppaFamily\My Documents\Joe\Poppa_site_res\Site\images\familyth_11mo_petdoggy.jpg --> www.motionplan.com /var/www/html/images familyth_11mo_petdoggy.jpg
2003.12.07 19:53 B C:\Documents and Settings\PoppaFamily\My Documents\Joe\Poppa_site_res\Site\images\familyth_11mo_treats.jpg --> www.motionplan.com /var/www/html/images familyth_11mo_treats.jpg
2003.12.07 19:53 B C:\Documents and Settings\PoppaFamily\My Documents\Joe\Poppa_site_res\Site\images\familyth_12mo_balance.jpg --> www.motionplan.com /var/www/html/images familyth_12mo_balance.jpg
2003.12.07 19:53 B C:\Documents and Settings\PoppaFamily\My Documents\Joe\Poppa_site_res\Site\images\familyth_12mo_birthday.jpg --> www.motionplan.com /var/www/html/images familyth_12mo_birthday.jpg
2003.12.07 19:57 B C:\Documents and Settings\PoppaFamily\My Documents\Joe\Poppa_site_res\Site\images\familyth_6mo_wherejulia.jpg --> www.motionplan.com /var/www/html/images familyth_6mo_wherejulia.jpg
2003.12.07 19:57 B C:\Documents and Settings\PoppaFamily\My Documents\Joe\Poppa_site_res\Site\images\familyth_7mo_nap.jpg --> www.motionplan.com /var/www/html/images familyth_7mo_nap.jpg
2003.12.07 20:08 B C:\Documents and Settings\PoppaFamily\My Documents\Joe\Poppa_site_res\Site\images\img_family.jpg --> www.motionplan.com /var/www/html/images img_family.jpg
2003.12.07 23:19 B C:\Documents and Settings\PoppaFamily\My Documents\Joe\Poppa_site_res\Site\images\port_illus_th_technical.jpg --> www.motionplan.com /var/www/html/images port_illus_th_technical.jpg
2003.12.07 23:19 B C:\Documents and Settings\PoppaFamily\My Documents\Joe\Poppa_site_res\Site\images\port_illus_th_icg.jpg --> www.motionplan.com /var/www/html/images port_illus_th_icg.jpg
2003.12.07 23:19 B C:\Documents and Settings\PoppaFamily\My Documents\Joe\Poppa_site_res\Site\images\port_illus_th_phizer.jpg --> www.motionplan.com /var/www/html/images port_illus_th_phizer.jpg
2003.12.07 23:19 B C:\Documents and Settings\PoppaFamily\My Documents\Joe\Poppa_site_res\Site\images\port_illus_th_robots.jpg --> www.motionplan.com /var/www/html/images port_illus_th_robots.jpg
2003.12.07 23:20 B C:\Documents and Settings\PoppaFamily\My Documents\Joe\Poppa_site_res\Site\images\port_illus_technical.jpg --> www.motionplan.com /var/www/html/images port_illus_technical.jpg
2003.12.07 23:20 B C:\Documents and Settings\PoppaFamily\My Documents\Joe\Poppa_site_res\Site\images\port_illus_icg.jpg --> www.motionplan.com /var/www/html/images port_illus_icg.jpg
2003.12.07 23:20 B C:\Documents and Settings\PoppaFamily\My Documents\Joe\Poppa_site_res\Site\images\port_illus_phizer.jpg --> www.motionplan.com /var/www/html/images port_illus_phizer.jpg
2003.12.07 23:20 B C:\Documents and Settings\PoppaFamily\My Documents\Joe\Poppa_site_res\Site\images\port_illus_robots.jpg --> www.motionplan.com /var/www/html/images port_illus_robots.jpg
2004.02.12 20:48 B C:\Documents and Settings\PoppaFamily\My Documents\Joe\Poppa_site_res\Site\images\brown_1x1.gif <-- JPoppa /var/www/html/images brown_1x1.gif
2004.02.12 20:48 B C:\Documents and Settings\PoppaFamily\My Documents\Joe\Poppa_site_res\Site\images\btn_ata_nrm.jpg <-- JPoppa /var/www/html/images btn_ata_nrm.jpg
2004.02.12 20:48 B C:\Documents and Settings\PoppaFamily\My Documents\Joe\Poppa_site_res\Site\images\btn_ata_ovr.jpg <-- JPoppa /var/www/html/images btn_ata_ovr.jpg
2004.02.12 20:48 B C:\Documents and Settings\PoppaFamily\My Documents\Joe\Poppa_site_res\Site\images\btn_ata_sel.jpg <-- JPoppa /var/www/html/images btn_ata_sel.jpg
2004.02.12 20:48 B C:\Documents and Settings\PoppaFamily\My Documents\Joe\Poppa_site_res\Site\images\btn_ctct_nrm.jpg <-- JPoppa /var/www/html/images btn_ctct_nrm.jpg
2004.02.12 20:48 B C:\Documents and Settings\PoppaFamily\My Documents\Joe\Poppa_site_res\Site\images\btn_ctct_ovr.jpg <-- JPoppa /var/www/html/images btn_ctct_ovr.jpg
2004.02.12 20:48 B C:\Documents and Settings\PoppaFamily\My Documents\Joe\Poppa_site_res\Site\images\btn_ctct_sel.jpg <-- JPoppa /var/www/html/images btn_ctct_sel.jpg
2004.02.12 20:48 B C:\Documents and Settings\PoppaFamily\My Documents\Joe\Poppa_site_res\Site\images\btn_fam_nrm.jpg <-- JPoppa /var/www/html/images btn_fam_nrm.jpg
2004.02.12 20:48 B C:\Documents and Settings\PoppaFamily\My Documents\Joe\Poppa_site_res\Site\images\btn_fam_ovr.jpg <-- JPoppa /var/www/html/images btn_fam_ovr.jpg
2004.02.12 20:48 B C:\Documents and Settings\PoppaFamily\My Documents\Joe\Poppa_site_res\Site\images\btn_fam_sel.jpg <-- JPoppa /var/www/html/images btn_fam_sel.jpg
2004.02.12 20:48 B C:\Documents and Settings\PoppaFamily\My Documents\Joe\Poppa_site_res\Site\images\btn_home_nrm.jpg <-- JPoppa /var/www/html/images btn_home_nrm.jpg
2004.02.12 20:48 B C:\Documents and Settings\PoppaFamily\My Documents\Joe\Poppa_site_res\Site\images\btn_home_ovr.jpg <-- JPoppa /var/www/html/images btn_home_ovr.jpg
2004.02.12 20:48 B C:\Documents and Settings\PoppaFamily\My Documents\Joe\Poppa_site_res\Site\images\btn_home_sel.jpg <-- JPoppa /var/www/html/images btn_home_sel.jpg
2004.02.12 20:48 B C:\Documents and Settings\PoppaFamily\My Documents\Joe\Poppa_site_res\Site\images\btn_port_nrm.jpg <-- JPoppa /var/www/html/images btn_port_nrm.jpg
2004.02.12 20:48 B C:\Documents and Settings\PoppaFamily\My Documents\Joe\Poppa_site_res\Site\images\btn_port_ovr.jpg <-- JPoppa /var/www/html/images btn_port_ovr.jpg
2004.02.12 20:48 B C:\Documents and Settings\PoppaFamily\My Documents\Joe\Poppa_site_res\Site\images\btn_port_sel.jpg <-- JPoppa /var/www/html/images btn_port_sel.jpg
2004.02.12 20:48 B C:\Documents and Settings\PoppaFamily\My Documents\Joe\Poppa_site_res\Site\images\cavern.jpg <-- JPoppa /var/www/html/images cavern.jpg
2004.02.12 20:48 B C:\Documents and Settings\PoppaFamily\My Documents\Joe\Poppa_site_res\Site\images\center.jpg <-- JPoppa /var/www/html/images center.jpg
2004.02.12 20:48 B C:\Documents and Settings\PoppaFamily\My Documents\Joe\Poppa_site_res\Site\images\e_blank.gif <-- JPoppa /var/www/html/images e_blank.gif
2004.02.12 20:48 B C:\Documents and Settings\PoppaFamily\My Documents\Joe\Poppa_site_res\Site\images\e_left.gif <-- JPoppa /var/www/html/images e_left.gif
2004.02.12 20:48 B C:\Documents and Settings\PoppaFamily\My Documents\Joe\Poppa_site_res\Site\images\e_logo.gif <-- JPoppa /var/www/html/images e_logo.gif
2004.02.12 20:48 B C:\Documents and Settings\PoppaFamily\My Documents\Joe\Poppa_site_res\Site\images\e_miva.gif <-- JPoppa /var/www/html/images e_miva.gif
2004.02.12 20:48 B C:\Documents and Settings\PoppaFamily\My Documents\Joe\Poppa_site_res\Site\images\e_powered.gif <-- JPoppa /var/www/html/images e_powered.gif
2004.02.12 20:48 B C:\Documents and Settings\PoppaFamily\My Documents\Joe\Poppa_site_res\Site\images\e_top.gif <-- JPoppa /var/www/html/images e_top.gif
2004.02.12 20:48 B C:\Documents and Settings\PoppaFamily\My Documents\Joe\Poppa_site_res\Site\images\family_10mo_bath.jpg <-- JPoppa /var/www/html/images family_10mo_bath.jpg
2004.02.12 20:48 B C:\Documents and Settings\PoppaFamily\My Documents\Joe\Poppa_site_res\Site\images\family_10mo_brighteyes.jpg <-- JPoppa /var/www/html/images family_10mo_brighteyes.jpg
2004.02.12 20:48 B C:\Documents and Settings\PoppaFamily\My Documents\Joe\Poppa_site_res\Site\images\family_10mo_fingerfood.jpg <-- JPoppa /var/www/html/images family_10mo_fingerfood.jpg
2004.02.12 20:48 B C:\Documents and Settings\PoppaFamily\My Documents\Joe\Poppa_site_res\Site\images\family_10mo_window.jpg <-- JPoppa /var/www/html/images family_10mo_window.jpg
2004.02.12 20:48 B C:\Documents and Settings\PoppaFamily\My Documents\Joe\Poppa_site_res\Site\images\family_11mo_chef.jpg <-- JPoppa /var/www/html/images family_11mo_chef.jpg
2004.02.12 20:48 B C:\Documents and Settings\PoppaFamily\My Documents\Joe\Poppa_site_res\Site\images\family_11mo_petdoggy.jpg <-- JPoppa /var/www/html/images family_11mo_petdoggy.jpg
2004.02.12 20:48 B C:\Documents and Settings\PoppaFamily\My Documents\Joe\Poppa_site_res\Site\images\family_11mo_treats.jpg <-- JPoppa /var/www/html/images family_11mo_treats.jpg
2004.02.12 20:48 B C:\Documents and Settings\PoppaFamily\My Documents\Joe\Poppa_site_res\Site\images\family_12mo_balance.jpg <-- JPoppa /var/www/html/images family_12mo_balance.jpg
2004.02.12 20:48 B C:\Documents and Settings\PoppaFamily\My Documents\Joe\Poppa_site_res\Site\images\family_12mo_birthday.jpg <-- JPoppa /var/www/html/images family_12mo_birthday.jpg
2004.02.12 20:48 B C:\Documents and Settings\PoppaFamily\My Documents\Joe\Poppa_site_res\Site\images\family_6mo_wherejulia.jpg <-- JPoppa /var/www/html/images family_6mo_wherejulia.jpg
2004.02.12 20:48 B C:\Documents and Settings\PoppaFamily\My Documents\Joe\Poppa_site_res\Site\images\family_7mo_nap.jpg <-- JPoppa /var/www/html/images family_7mo_nap.jpg
2004.02.12 20:49 B C:\Documents and Settings\PoppaFamily\My Documents\Joe\Poppa_site_res\Site\images\family_8mo_kids.jpg <-- JPoppa /var/www/html/images family_8mo_kids.jpg
2004.02.12 20:49 B C:\Documents and Settings\PoppaFamily\My Documents\Joe\Poppa_site_res\Site\images\family_8mo_rafting.jpg <-- JPoppa /var/www/html/images family_8mo_rafting.jpg
2004.02.12 20:49 B C:\Documents and Settings\PoppaFamily\My Documents\Joe\Poppa_site_res\Site\images\family_8mo_wedding1.jpg <-- JPoppa /var/www/html/images family_8mo_wedding1.jpg
2004.02.12 20:49 B C:\Documents and Settings\PoppaFamily\My Documents\Joe\Poppa_site_res\Site\images\family_8mo_wedding2.jpg <-- JPoppa /var/www/html/images family_8mo_wedding2.jpg
2004.02.12 20:49 B C:\Documents and Settings\PoppaFamily\My Documents\Joe\Poppa_site_res\Site\images\family_8mo_wedding3.jpg <-- JPoppa /var/www/html/images family_8mo_wedding3.jpg
2004.02.12 20:49 B C:\Documents and Settings\PoppaFamily\My Documents\Joe\Poppa_site_res\Site\images\family_9mo_toybag.jpg <-- JPoppa /var/www/html/images family_9mo_toybag.jpg
2004.02.12 20:49 B C:\Documents and Settings\PoppaFamily\My Documents\Joe\Poppa_site_res\Site\images\familyth_10mo_bath.jpg <-- JPoppa /var/www/html/images familyth_10mo_bath.jpg
2004.02.12 20:49 B C:\Documents and Settings\PoppaFamily\My Documents\Joe\Poppa_site_res\Site\images\familyth_10mo_brighteyes.jpg <-- JPoppa /var/www/html/images familyth_10mo_brighteyes.jpg
2004.02.12 20:49 B C:\Documents and Settings\PoppaFamily\My Documents\Joe\Poppa_site_res\Site\images\familyth_10mo_fingerfood.jpg <-- JPoppa /var/www/html/images familyth_10mo_fingerfood.jpg
2004.02.12 20:49 B C:\Documents and Settings\PoppaFamily\My Documents\Joe\Poppa_site_res\Site\images\familyth_10mo_window.jpg <-- JPoppa /var/www/html/images familyth_10mo_window.jpg
2004.02.12 20:49 B C:\Documents and Settings\PoppaFamily\My Documents\Joe\Poppa_site_res\Site\images\familyth_11mo_chef.jpg <-- JPoppa /var/www/html/images familyth_11mo_chef.jpg
2004.02.12 20:49 B C:\Documents and Settings\PoppaFamily\My Documents\Joe\Poppa_site_res\Site\images\familyth_11mo_petdoggy.jpg <-- JPoppa /var/www/html/images familyth_11mo_petdoggy.jpg
2004.02.12 20:49 B C:\Documents and Settings\PoppaFamily\My Documents\Joe\Poppa_site_res\Site\images\familyth_11mo_treats.jpg <-- JPoppa /var/www/html/images familyth_11mo_treats.jpg
2004.02.12 20:49 B C:\Documents and Settings\PoppaFamily\My Documents\Joe\Poppa_site_res\Site\images\familyth_12mo_balance.jpg <-- JPoppa /var/www/html/images familyth_12mo_balance.jpg
2004.02.12 20:49 B C:\Documents and Settings\PoppaFamily\My Documents\Joe\Poppa_site_res\Site\images\familyth_12mo_birthday.jpg <-- JPoppa /var/www/html/images familyth_12mo_birthday.jpg
2004.02.12 20:49 B C:\Documents and Settings\PoppaFamily\My Documents\Joe\Poppa_site_res\Site\images\familyth_6mo_wherejulia.jpg <-- JPoppa /var/www/html/images familyth_6mo_wherejulia.jpg
2004.02.12 20:49 B C:\Documents and Settings\PoppaFamily\My Documents\Joe\Poppa_site_res\Site\images\familyth_7mo_nap.jpg <-- JPoppa /var/www/html/images familyth_7mo_nap.jpg
2004.02.12 20:49 B C:\Documents and Settings\PoppaFamily\My Documents\Joe\Poppa_site_res\Site\images\familyth_8mo_kids.jpg <-- JPoppa /var/www/html/images familyth_8mo_kids.jpg
2004.02.12 20:49 B C:\Documents and Settings\PoppaFamily\My Documents\Joe\Poppa_site_res\Site\images\familyth_8mo_rafting.jpg <-- JPoppa /var/www/html/images familyth_8mo_rafting.jpg
2004.02.12 20:49 B C:\Documents and Settings\PoppaFamily\My Documents\Joe\Poppa_site_res\Site\images\familyth_8mo_wedding1.jpg <-- JPoppa /var/www/html/images familyth_8mo_wedding1.jpg
2004.02.12 20:49 B C:\Documents and Settings\PoppaFamily\My Documents\Joe\Poppa_site_res\Site\images\familyth_8mo_wedding2.jpg <-- JPoppa /var/www/html/images familyth_8mo_wedding2.jpg
2004.02.12 20:49 B C:\Documents and Settings\PoppaFamily\My Documents\Joe\Poppa_site_res\Site\images\familyth_8mo_wedding3.jpg <-- JPoppa /var/www/html/images familyth_8mo_wedding3.jpg
2004.02.12 20:49 B C:\Documents and Settings\PoppaFamily\My Documents\Joe\Poppa_site_res\Site\images\familyth_9mo_toybag.jpg <-- JPoppa /var/www/html/images familyth_9mo_toybag.jpg
2004.02.12 20:49 B C:\Documents and Settings\PoppaFamily\My Documents\Joe\Poppa_site_res\Site\images\getacro.gif <-- JPoppa /var/www/html/images getacro.gif
2004.02.12 20:49 B C:\Documents and Settings\PoppaFamily\My Documents\Joe\Poppa_site_res\Site\images\getflash.gif <-- JPoppa /var/www/html/images getflash.gif
2004.02.12 20:49 B C:\Documents and Settings\PoppaFamily\My Documents\Joe\Poppa_site_res\Site\images\headerline.jpg <-- JPoppa /var/www/html/images headerline.jpg
2004.02.12 20:49 B C:\Documents and Settings\PoppaFamily\My Documents\Joe\Poppa_site_res\Site\images\img_ata.jpg <-- JPoppa /var/www/html/images img_ata.jpg
2004.02.12 20:49 B C:\Documents and Settings\PoppaFamily\My Documents\Joe\Poppa_site_res\Site\images\img_contact.jpg <-- JPoppa /var/www/html/images img_contact.jpg
2004.02.12 20:49 B C:\Documents and Settings\PoppaFamily\My Documents\Joe\Poppa_site_res\Site\images\img_family.jpg <-- JPoppa /var/www/html/images img_family.jpg
2004.02.12 20:49 B C:\Documents and Settings\PoppaFamily\My Documents\Joe\Poppa_site_res\Site\images\img_home.jpg <-- JPoppa /var/www/html/images img_home.jpg
2004.02.12 20:49 B C:\Documents and Settings\PoppaFamily\My Documents\Joe\Poppa_site_res\Site\images\img_placehold.jpg <-- JPoppa /var/www/html/images img_placehold.jpg
2004.02.12 20:49 B C:\Documents and Settings\PoppaFamily\My Documents\Joe\Poppa_site_res\Site\images\line_under_btns.jpg <-- JPoppa /var/www/html/images line_under_btns.jpg
2004.02.12 20:49 B C:\Documents and Settings\PoppaFamily\My Documents\Joe\Poppa_site_res\Site\images\logo.jpg <-- JPoppa /var/www/html/images logo.jpg
2004.02.12 20:49 B C:\Documents and Settings\PoppaFamily\My Documents\Joe\Poppa_site_res\Site\images\port_gui_campbells.jpg <-- JPoppa /var/www/html/images port_gui_campbells.jpg
2004.02.12 20:49 B C:\Documents and Settings\PoppaFamily\My Documents\Joe\Poppa_site_res\Site\images\port_gui_conplus.jpg <-- JPoppa /var/www/html/images port_gui_conplus.jpg
2004.02.12 20:49 B C:\Documents and Settings\PoppaFamily\My Documents\Joe\Poppa_site_res\Site\images\port_gui_mvector.jpg <-- JPoppa /var/www/html/images port_gui_mvector.jpg
2004.02.12 20:49 B C:\Documents and Settings\PoppaFamily\My Documents\Joe\Poppa_site_res\Site\images\port_gui_push.jpg <-- JPoppa /var/www/html/images port_gui_push.jpg
2004.02.12 20:49 B C:\Documents and Settings\PoppaFamily\My Documents\Joe\Poppa_site_res\Site\images\port_gui_pushchat.jpg <-- JPoppa /var/www/html/images port_gui_pushchat.jpg
2004.02.12 20:49 B C:\Documents and Settings\PoppaFamily\My Documents\Joe\Poppa_site_res\Site\images\port_gui_qwest.jpg <-- JPoppa /var/www/html/images port_gui_qwest.jpg
2004.02.12 20:49 B C:\Documents and Settings\PoppaFamily\My Documents\Joe\Poppa_site_res\Site\images\port_gui_sun.jpg <-- JPoppa /var/www/html/images port_gui_sun.jpg
2004.02.12 20:49 B C:\Documents and Settings\PoppaFamily\My Documents\Joe\Poppa_site_res\Site\images\port_gui_th_campbells.jpg <-- JPoppa /var/www/html/images port_gui_th_campbells.jpg
2004.02.12 20:49 B C:\Documents and Settings\PoppaFamily\My Documents\Joe\Poppa_site_res\Site\images\port_gui_th_conplus.jpg <-- JPoppa /var/www/html/images port_gui_th_conplus.jpg
2004.02.12 20:49 B C:\Documents and Settings\PoppaFamily\My Documents\Joe\Poppa_site_res\Site\images\port_gui_th_mvector.jpg <-- JPoppa /var/www/html/images port_gui_th_mvector.jpg
2004.02.12 20:49 B C:\Documents and Settings\PoppaFamily\My Documents\Joe\Poppa_site_res\Site\images\port_gui_th_push.jpg <-- JPoppa /var/www/html/images port_gui_th_push.jpg
2004.02.12 20:49 B C:\Documents and Settings\PoppaFamily\My Documents\Joe\Poppa_site_res\Site\images\port_gui_th_pushchat.jpg <-- JPoppa /var/www/html/images port_gui_th_pushchat.jpg
2004.02.12 20:49 B C:\Documents and Settings\PoppaFamily\My Documents\Joe\Poppa_site_res\Site\images\port_gui_th_qwest.jpg <-- JPoppa /var/www/html/images port_gui_th_qwest.jpg
2004.02.12 20:49 B C:\Documents and Settings\PoppaFamily\My Documents\Joe\Poppa_site_res\Site\images\port_gui_th_sun.jpg <-- JPoppa /var/www/html/images port_gui_th_sun.jpg
2004.02.12 20:49 B C:\Documents and Settings\PoppaFamily\My Documents\Joe\Poppa_site_res\Site\images\port_gui_th_zebra.jpg <-- JPoppa /var/www/html/images port_gui_th_zebra.jpg
2004.02.12 20:49 B C:\Documents and Settings\PoppaFamily\My Documents\Joe\Poppa_site_res\Site\images\port_gui_zebra.jpg <-- JPoppa /var/www/html/images port_gui_zebra.jpg
2004.02.12 20:49 B C:\Documents and Settings\PoppaFamily\My Documents\Joe\Poppa_site_res\Site\images\port_ia_th_bowling.jpg <-- JPoppa /var/www/html/images port_ia_th_bowling.jpg
2004.02.12 20:49 B C:\Documents and Settings\PoppaFamily\My Documents\Joe\Poppa_site_res\Site\images\port_ia_th_co.jpg <-- JPoppa /var/www/html/images port_ia_th_co.jpg
2004.02.12 20:49 B C:\Documents and Settings\PoppaFamily\My Documents\Joe\Poppa_site_res\Site\images\port_ia_th_dayinlife.jpg <-- JPoppa /var/www/html/images port_ia_th_dayinlife.jpg
2004.02.12 20:49 B C:\Documents and Settings\PoppaFamily\My Documents\Joe\Poppa_site_res\Site\images\port_ia_th_islandteaser.jpg <-- JPoppa /var/www/html/images port_ia_th_islandteaser.jpg
2004.02.12 20:49 B C:\Documents and Settings\PoppaFamily\My Documents\Joe\Poppa_site_res\Site\images\port_ia_th_packets.jpg <-- JPoppa /var/www/html/images port_ia_th_packets.jpg
2004.02.12 20:49 B C:\Documents and Settings\PoppaFamily\My Documents\Joe\Poppa_site_res\Site\images\port_ia_th_pegas.jpg <-- JPoppa /var/www/html/images port_ia_th_pegas.jpg
2004.02.12 20:49 B C:\Documents and Settings\PoppaFamily\My Documents\Joe\Poppa_site_res\Site\images\port_ia_th_security.jpg <-- JPoppa /var/www/html/images port_ia_th_security.jpg
2004.02.12 20:49 B C:\Documents and Settings\PoppaFamily\My Documents\Joe\Poppa_site_res\Site\images\port_ia_th_skiing.jpg <-- JPoppa /var/www/html/images port_ia_th_skiing.jpg
2004.02.12 20:49 B C:\Documents and Settings\PoppaFamily\My Documents\Joe\Poppa_site_res\Site\images\port_illus_birds.jpg <-- JPoppa /var/www/html/images port_illus_birds.jpg
2004.02.12 20:49 B C:\Documents and Settings\PoppaFamily\My Documents\Joe\Poppa_site_res\Site\images\port_illus_icg.jpg <-- JPoppa /var/www/html/images port_illus_icg.jpg
2004.02.12 20:49 B C:\Documents and Settings\PoppaFamily\My Documents\Joe\Poppa_site_res\Site\images\port_illus_jack.jpg <-- JPoppa /var/www/html/images port_illus_jack.jpg
2004.02.12 20:49 B C:\Documents and Settings\PoppaFamily\My Documents\Joe\Poppa_site_res\Site\images\port_illus_longdistance.jpg <-- JPoppa /var/www/html/images port_illus_longdistance.jpg
2004.02.12 20:49 B C:\Documents and Settings\PoppaFamily\My Documents\Joe\Poppa_site_res\Site\images\port_illus_mouse.jpg <-- JPoppa /var/www/html/images port_illus_mouse.jpg
2004.02.12 20:50 B C:\Documents and Settings\PoppaFamily\My Documents\Joe\Poppa_site_res\Site\images\port_illus_phizer.jpg <-- JPoppa /var/www/html/images port_illus_phizer.jpg
2004.02.12 20:50 B C:\Documents and Settings\PoppaFamily\My Documents\Joe\Poppa_site_res\Site\images\port_illus_robots.jpg <-- JPoppa /var/www/html/images port_illus_robots.jpg
2004.02.12 20:50 B C:\Documents and Settings\PoppaFamily\My Documents\Joe\Poppa_site_res\Site\images\port_illus_technical.jpg <-- JPoppa /var/www/html/images port_illus_technical.jpg
2004.02.12 20:50 B C:\Documents and Settings\PoppaFamily\My Documents\Joe\Poppa_site_res\Site\images\port_illus_th_birds.jpg <-- JPoppa /var/www/html/images port_illus_th_birds.jpg
2004.02.12 20:50 B C:\Documents and Settings\PoppaFamily\My Documents\Joe\Poppa_site_res\Site\images\port_illus_th_icg.jpg <-- JPoppa /var/www/html/images port_illus_th_icg.jpg
2004.02.12 20:50 B C:\Documents and Settings\PoppaFamily\My Documents\Joe\Poppa_site_res\Site\images\port_illus_th_jack.jpg <-- JPoppa /var/www/html/images port_illus_th_jack.jpg
2004.02.12 20:50 B C:\Documents and Settings\PoppaFamily\My Documents\Joe\Poppa_site_res\Site\images\port_illus_th_longdistance.jpg <-- JPoppa /var/www/html/images port_illus_th_longdistance.jpg
2004.02.12 20:50 B C:\Documents and Settings\PoppaFamily\My Documents\Joe\Poppa_site_res\Site\images\port_illus_th_mouse.jpg <-- JPoppa /var/www/html/images port_illus_th_mouse.jpg
2004.02.12 20:50 B C:\Documents and Settings\PoppaFamily\My Documents\Joe\Poppa_site_res\Site\images\port_illus_th_phizer.jpg <-- JPoppa /var/www/html/images port_illus_th_phizer.jpg
2004.02.12 20:50 B C:\Documents and Settings\PoppaFamily\My Documents\Joe\Poppa_site_res\Site\images\port_illus_th_robots.jpg <-- JPoppa /var/www/html/images port_illus_th_robots.jpg
2004.02.12 20:50 B C:\Documents and Settings\PoppaFamily\My Documents\Joe\Poppa_site_res\Site\images\port_illus_th_technical.jpg <-- JPoppa /var/www/html/images port_illus_th_technical.jpg
2004.02.12 20:50 B C:\Documents and Settings\PoppaFamily\My Documents\Joe\Poppa_site_res\Site\images\port_print_citcd.jpg <-- JPoppa /var/www/html/images port_print_citcd.jpg
2004.02.12 20:50 B C:\Documents and Settings\PoppaFamily\My Documents\Joe\Poppa_site_res\Site\images\port_print_heartposter.jpg <-- JPoppa /var/www/html/images port_print_heartposter.jpg
2004.02.12 20:50 B C:\Documents and Settings\PoppaFamily\My Documents\Joe\Poppa_site_res\Site\images\port_print_islandposter.jpg <-- JPoppa /var/www/html/images port_print_islandposter.jpg
2004.02.12 20:50 B C:\Documents and Settings\PoppaFamily\My Documents\Joe\Poppa_site_res\Site\images\port_print_motionplan.gif <-- JPoppa /var/www/html/images port_print_motionplan.gif
2004.02.12 20:50 B C:\Documents and Settings\PoppaFamily\My Documents\Joe\Poppa_site_res\Site\images\port_print_propcover.jpg <-- JPoppa /var/www/html/images port_print_propcover.jpg
2004.02.12 20:50 B C:\Documents and Settings\PoppaFamily\My Documents\Joe\Poppa_site_res\Site\images\port_print_sweettracker.jpg <-- JPoppa /var/www/html/images port_print_sweettracker.jpg
2004.02.12 20:50 B C:\Documents and Settings\PoppaFamily\My Documents\Joe\Poppa_site_res\Site\images\port_print_th_citcd.jpg <-- JPoppa /var/www/html/images port_print_th_citcd.jpg
2004.02.12 20:50 B C:\Documents and Settings\PoppaFamily\My Documents\Joe\Poppa_site_res\Site\images\port_print_th_heartposter.jpg <-- JPoppa /var/www/html/images port_print_th_heartposter.jpg
2004.02.12 20:50 B C:\Documents and Settings\PoppaFamily\My Documents\Joe\Poppa_site_res\Site\images\port_print_th_islandposter.jpg <-- JPoppa /var/www/html/images port_print_th_islandposter.jpg
2004.02.12 20:50 B C:\Documents and Settings\PoppaFamily\My Documents\Joe\Poppa_site_res\Site\images\port_print_th_motionplan.jpg <-- JPoppa /var/www/html/images port_print_th_motionplan.jpg
2004.02.12 20:50 B C:\Documents and Settings\PoppaFamily\My Documents\Joe\Poppa_site_res\Site\images\port_print_th_propcover.jpg <-- JPoppa /var/www/html/images port_print_th_propcover.jpg
2004.02.12 20:50 B C:\Documents and Settings\PoppaFamily\My Documents\Joe\Poppa_site_res\Site\images\port_print_th_sweettracker.jpg <-- JPoppa /var/www/html/images port_print_th_sweettracker.jpg
2004.02.12 20:50 B C:\Documents and Settings\PoppaFamily\My Documents\Joe\Poppa_site_res\Site\images\resume.gif <-- JPoppa /var/www/html/images resume.gif
2004.02.12 20:50 B C:\Documents and Settings\PoppaFamily\My Documents\Joe\Poppa_site_res\Site\images\shapes.jpg <-- JPoppa /var/www/html/images shapes.jpg
2004.02.12 20:50 B C:\Documents and Settings\PoppaFamily\My Documents\Joe\Poppa_site_res\Site\images\thumb_placehold.jpg <-- JPoppa /var/www/html/images thumb_placehold.jpg
2004.02.12 21:50 B C:\Documents and Settings\PoppaFamily\My Documents\Joe\Poppa_site_res\Site\images\familyth_4mo_grandmas.jpg --> www.motionplan.com /var/www/html/images familyth_4mo_grandmas.jpg
2004.02.12 21:50 B C:\Documents and Settings\PoppaFamily\My Documents\Joe\Poppa_site_res\Site\images\family_4mo_grandmas.jpg --> www.motionplan.com /var/www/html/images family_4mo_grandmas.jpg
2004.02.12 21:50 B C:\Documents and Settings\PoppaFamily\My Documents\Joe\Poppa_site_res\Site\images\familyth_3mo_baptism.jpg --> www.motionplan.com /var/www/html/images familyth_3mo_baptism.jpg
2004.02.12 21:50 B C:\Documents and Settings\PoppaFamily\My Documents\Joe\Poppa_site_res\Site\images\family_3mo_baptism.jpg --> www.motionplan.com /var/www/html/images family_3mo_baptism.jpg
2004.02.12 21:50 B C:\Documents and Settings\PoppaFamily\My Documents\Joe\Poppa_site_res\Site\images\familyth_1mo_3pix.jpg --> www.motionplan.com /var/www/html/images familyth_1mo_3pix.jpg
2004.02.12 21:50 B C:\Documents and Settings\PoppaFamily\My Documents\Joe\Poppa_site_res\Site\images\family_1mo_3pix.jpg --> www.motionplan.com /var/www/html/images family_1mo_3pix.jpg
2004.02.12 22:13 B C:\Documents and Settings\PoppaFamily\My Documents\Joe\Poppa_site_res\Site\images\clear_1x1.gif --> www.motionplan.com /var/www/html/images clear_1x1.gif
2004.03.13 17:04 B C:\Documents and Settings\PoppaFamily\My Documents\Joe\Poppa_site_res\Site\images\img_ata.jpg --> www.motionplan.com /var/www/html/images img_ata.jpg
2004.08.11 03:24 B C:\Documents and Settings\PoppaFamily\My Documents\Joe\Poppa_site_res\Site\images\port_gui_th_avalon.jpg --> www.motionplan.com /var/www/html/images port_gui_th_avalon.jpg
2004.08.11 03:24 B C:\Documents and Settings\PoppaFamily\My Documents\Joe\Poppa_site_res\Site\images\port_gui_avalon.jpg --> www.motionplan.com /var/www/html/images port_gui_avalon.jpg
2004.08.11 03:24 B C:\Documents and Settings\PoppaFamily\My Documents\Joe\Poppa_site_res\Site\images\port_gui_th_ymca.jpg --> www.motionplan.com /var/www/html/images port_gui_th_ymca.jpg
2004.08.11 03:25 B C:\Documents and Settings\PoppaFamily\My Documents\Joe\Poppa_site_res\Site\images\port_gui_ymca.jpg --> www.motionplan.com /var/www/html/images port_gui_ymca.jpg
2004.08.11 03:25 B C:\Documents and Settings\PoppaFamily\My Documents\Joe\Poppa_site_res\Site\images\port_gui_th_sivox.jpg --> www.motionplan.com /var/www/html/images port_gui_th_sivox.jpg
2004.08.11 03:25 B C:\Documents and Settings\PoppaFamily\My Documents\Joe\Poppa_site_res\Site\images\port_gui_sivox.jpg --> www.motionplan.com /var/www/html/images port_gui_sivox.jpg
2004.08.11 11:56 B C:\Documents and Settings\PoppaFamily\My Documents\Joe\Poppa_site_res\Site\images\port_gui_ymca.jpg <-- JPoppa /var/www/html/images port_gui_ymca.jpg
2004.08.11 11:56 B C:\Documents and Settings\PoppaFamily\My Documents\Joe\Poppa_site_res\Site\images\port_gui_th_ymca.jpg <-- JPoppa /var/www/html/images port_gui_th_ymca.jpg
2004.08.11 11:56 B C:\Documents and Settings\PoppaFamily\My Documents\Joe\Poppa_site_res\Site\images\port_gui_th_sivox.jpg <-- JPoppa /var/www/html/images port_gui_th_sivox.jpg
2004.08.11 11:56 B C:\Documents and Settings\PoppaFamily\My Documents\Joe\Poppa_site_res\Site\images\port_gui_sivox.jpg <-- JPoppa /var/www/html/images port_gui_sivox.jpg
2004.08.11 11:56 B C:\Documents and Settings\PoppaFamily\My Documents\Joe\Poppa_site_res\Site\images\port_gui_th_avalon.jpg <-- JPoppa /var/www/html/images port_gui_th_avalon.jpg
2004.08.11 11:57 B C:\Documents and Settings\PoppaFamily\My Documents\Joe\Poppa_site_res\Site\images\port_gui_avalon.jpg <-- JPoppa /var/www/html/images port_gui_avalon.jpg
2004.08.11 11:57 B C:\Documents and Settings\PoppaFamily\My Documents\Joe\Poppa_site_res\Site\images\e_top.gif <-- JPoppa /var/www/html/images e_top.gif
2004.08.11 11:57 B C:\Documents and Settings\PoppaFamily\My Documents\Joe\Poppa_site_res\Site\images\e_powered.gif <-- JPoppa /var/www/html/images e_powered.gif
2004.08.11 11:57 B C:\Documents and Settings\PoppaFamily\My Documents\Joe\Poppa_site_res\Site\images\e_miva.gif <-- JPoppa /var/www/html/images e_miva.gif
2004.08.11 11:57 B C:\Documents and Settings\PoppaFamily\My Documents\Joe\Poppa_site_res\Site\images\e_logo.gif <-- JPoppa /var/www/html/images e_logo.gif
2004.08.11 11:57 B C:\Documents and Settings\PoppaFamily\My Documents\Joe\Poppa_site_res\Site\images\e_left.gif <-- JPoppa /var/www/html/images e_left.gif
2004.08.11 11:57 B C:\Documents and Settings\PoppaFamily\My Documents\Joe\Poppa_site_res\Site\images\e_blank.gif <-- JPoppa /var/www/html/images e_blank.gif
2004.08.11 11:57 B C:\Documents and Settings\PoppaFamily\My Documents\Joe\Poppa_site_res\Site\images\ready_for_living.jpg <-- JPoppa /var/www/html/images ready_for_living.jpg
2004.08.11 11:57 B C:\Documents and Settings\PoppaFamily\My Documents\Joe\Poppa_site_res\Site\images\av_mockup.jpg <-- JPoppa /var/www/html/images av_mockup.jpg
2004.08.11 11:57 B C:\Documents and Settings\PoppaFamily\My Documents\Joe\Poppa_site_res\Site\images\YMCA_mockup.jpg <-- JPoppa /var/www/html/images YMCA_mockup.jpg
2004.08.11 11:57 B C:\Documents and Settings\PoppaFamily\My Documents\Joe\Poppa_site_res\Site\images\gonstead.zip <-- JPoppa /var/www/html/images gonstead.zip
2004.08.11 11:57 B C:\Documents and Settings\PoppaFamily\My Documents\Joe\Poppa_site_res\Site\images\gonstead3b.jpg <-- JPoppa /var/www/html/images gonstead3b.jpg
2004.08.11 11:58 B C:\Documents and Settings\PoppaFamily\My Documents\Joe\Poppa_site_res\Site\images\gonstead3.jpg <-- JPoppa /var/www/html/images gonstead3.jpg
2004.08.11 11:58 B C:\Documents and Settings\PoppaFamily\My Documents\Joe\Poppa_site_res\Site\images\gonstead.jpg <-- JPoppa /var/www/html/images gonstead.jpg
2004.08.11 11:58 B C:\Documents and Settings\PoppaFamily\My Documents\Joe\Poppa_site_res\Site\images\gonstead2.jpg <-- JPoppa /var/www/html/images gonstead2.jpg
2004.08.11 11:58 B C:\Documents and Settings\PoppaFamily\My Documents\Joe\Poppa_site_res\Site\images\gonsteadpa.gif <-- JPoppa /var/www/html/images gonsteadpa.gif
2004.08.11 11:58 B C:\Documents and Settings\PoppaFamily\My Documents\Joe\Poppa_site_res\Site\images\img_ata.jpg <-- JPoppa /var/www/html/images img_ata.jpg
2004.08.11 11:58 B C:\Documents and Settings\PoppaFamily\My Documents\Joe\Poppa_site_res\Site\images\familyth_4mo_grandmas.jpg <-- JPoppa /var/www/html/images familyth_4mo_grandmas.jpg
2004.08.11 11:58 B C:\Documents and Settings\PoppaFamily\My Documents\Joe\Poppa_site_res\Site\images\familyth_3mo_baptism.jpg <-- JPoppa /var/www/html/images familyth_3mo_baptism.jpg
2004.08.11 11:58 B C:\Documents and Settings\PoppaFamily\My Documents\Joe\Poppa_site_res\Site\images\familyth_1mo_3pix.jpg <-- JPoppa /var/www/html/images familyth_1mo_3pix.jpg
2004.08.11 11:58 B C:\Documents and Settings\PoppaFamily\My Documents\Joe\Poppa_site_res\Site\images\family_4mo_grandmas.jpg <-- JPoppa /var/www/html/images family_4mo_grandmas.jpg
2004.08.11 11:58 B C:\Documents and Settings\PoppaFamily\My Documents\Joe\Poppa_site_res\Site\images\family_3mo_baptism.jpg <-- JPoppa /var/www/html/images family_3mo_baptism.jpg
2004.08.11 11:58 B C:\Documents and Settings\PoppaFamily\My Documents\Joe\Poppa_site_res\Site\images\family_1mo_3pix.jpg <-- JPoppa /var/www/html/images family_1mo_3pix.jpg
2004.08.11 11:58 B C:\Documents and Settings\PoppaFamily\My Documents\Joe\Poppa_site_res\Site\images\clear_1x1.gif <-- JPoppa /var/www/html/images clear_1x1.gif
2004.12.15 19:40 B C:\Documents and Settings\PoppaFamily\My Documents\Joe\Poppa_site_res\Site\images\DaggerFalls_Battle_12.jpg --> www.motionplan.com /var/www/html/images DaggerFalls_Battle_12.jpg
2004.12.15 19:40 B C:\Documents and Settings\PoppaFamily\My Documents\Joe\Poppa_site_res\Site\images\DaggerFalls_Battle_11.jpg --> www.motionplan.com /var/www/html/images DaggerFalls_Battle_11.jpg
2004.12.15 19:40 B C:\Documents and Settings\PoppaFamily\My Documents\Joe\Poppa_site_res\Site\images\DaggerFalls_Battle_10.jpg --> www.motionplan.com /var/www/html/images DaggerFalls_Battle_10.jpg
2004.12.15 19:40 B C:\Documents and Settings\PoppaFamily\My Documents\Joe\Poppa_site_res\Site\images\DaggerFalls_Battle_09.jpg --> www.motionplan.com /var/www/html/images DaggerFalls_Battle_09.jpg
2004.12.15 19:40 B C:\Documents and Settings\PoppaFamily\My Documents\Joe\Poppa_site_res\Site\images\DaggerFalls_Battle_08.jpg --> www.motionplan.com /var/www/html/images DaggerFalls_Battle_08.jpg
2004.12.15 19:40 B C:\Documents and Settings\PoppaFamily\My Documents\Joe\Poppa_site_res\Site\images\DaggerFalls_Battle_07.jpg --> www.motionplan.com /var/www/html/images DaggerFalls_Battle_07.jpg
2004.12.15 19:40 B C:\Documents and Settings\PoppaFamily\My Documents\Joe\Poppa_site_res\Site\images\DaggerFalls_Battle_06.jpg --> www.motionplan.com /var/www/html/images DaggerFalls_Battle_06.jpg
2004.12.15 19:40 B C:\Documents and Settings\PoppaFamily\My Documents\Joe\Poppa_site_res\Site\images\DaggerFalls_Battle_05.jpg --> www.motionplan.com /var/www/html/images DaggerFalls_Battle_05.jpg
2004.12.15 19:40 B C:\Documents and Settings\PoppaFamily\My Documents\Joe\Poppa_site_res\Site\images\DaggerFalls_Battle_04.jpg --> www.motionplan.com /var/www/html/images DaggerFalls_Battle_04.jpg
2004.12.15 19:40 B C:\Documents and Settings\PoppaFamily\My Documents\Joe\Poppa_site_res\Site\images\DaggerFalls_Battle_03.jpg --> www.motionplan.com /var/www/html/images DaggerFalls_Battle_03.jpg
2004.12.15 19:40 B C:\Documents and Settings\PoppaFamily\My Documents\Joe\Poppa_site_res\Site\images\DaggerFalls_Battle_02.jpg --> www.motionplan.com /var/www/html/images DaggerFalls_Battle_02.jpg
2004.12.15 19:40 B C:\Documents and Settings\PoppaFamily\My Documents\Joe\Poppa_site_res\Site\images\DaggerFalls_Battle_01.jpg --> www.motionplan.com /var/www/html/images DaggerFalls_Battle_01.jpg
2004.12.21 23:19 B C:\Documents and Settings\PoppaFamily\My Documents\Joe\Poppa_site_res\Site\images\druid.jpg --> www.motionplan.com /var/www/html/images druid.jpg
2005.01.25 20:32 B C:\Documents and Settings\PoppaFamily\My Documents\Joe\Poppa_site_res\Site\images\Dagger_Falls__04.jpg <-- JPoppa /var/www/html/images Dagger_Falls__04.jpg
2005.01.25 20:32 B C:\Documents and Settings\PoppaFamily\My Documents\Joe\Poppa_site_res\Site\images\Dagger_Falls__05.jpg <-- JPoppa /var/www/html/images Dagger_Falls__05.jpg
2005.01.25 20:32 B C:\Documents and Settings\PoppaFamily\My Documents\Joe\Poppa_site_res\Site\images\Dagger_Falls__06.jpg <-- JPoppa /var/www/html/images Dagger_Falls__06.jpg
2005.01.25 20:32 B C:\Documents and Settings\PoppaFamily\My Documents\Joe\Poppa_site_res\Site\images\Dagger_Falls__07.jpg <-- JPoppa /var/www/html/images Dagger_Falls__07.jpg
